# JRE version: Java(TM) SE Runtime Environment (8.0_201-b09) (build 1.8.0_201-b09)
# Java VM: Java HotSpot(TM) 64-Bit Server VM (25.201-b09 mixed mode windows-amd64 compressed oops)
Heap:
 PSYoungGen      total 43008K, used 40011K [0x00000000d6100000, 0x00000000dab80000, 0x0000000100000000)
  eden space 16896K, 96% used [0x00000000d6100000,0x00000000d70f72e8,0x00000000d7180000)
  from space 26112K, 90% used [0x00000000d7180000,0x00000000d889ba50,0x00000000d8b00000)
  to   space 29696K, 0% used [0x00000000d8e80000,0x00000000d8e80000,0x00000000dab80000)
 ParOldGen       total 114176K, used 61590K [0x0000000082200000, 0x0000000089180000, 0x00000000d6100000)
  object space 114176K, 53% used [0x0000000082200000,0x0000000085e25aa8,0x0000000089180000)
 Metaspace       used 18225K, capacity 19428K, committed 19712K, reserved 1067008K
  class space    used 2268K, capacity 2514K, committed 2560K, reserved 1048576K
GC Heap History (10 events):
Event: 278.684 GC heap before
{Heap before GC invocations=40 (full 5):
 PSYoungGen      total 41984K, used 24351K [0x00000000d6100000, 0x00000000da080000, 0x0000000100000000)
  eden space 20992K, 100% used [0x00000000d6100000,0x00000000d7580000,0x00000000d7580000)
  from space 20992K, 16% used [0x00000000d8c00000,0x00000000d8f47cd0,0x00000000da080000)
  to   space 22016K, 0% used [0x00000000d7580000,0x00000000d7580000,0x00000000d8b00000)
 ParOldGen       total 114176K, used 61582K [0x0000000082200000, 0x0000000089180000, 0x00000000d6100000)
  object space 114176K, 53% used [0x0000000082200000,0x0000000085e23aa8,0x0000000089180000)
 Metaspace       used 18139K, capacity 19356K, committed 19456K, reserved 1067008K
  class space    used 2261K, capacity 2502K, committed 2560K, reserved 1048576K
Event: 278.685 GC heap after
Heap after GC invocations=40 (full 5):
 PSYoungGen      total 25600K, used 4414K [0x00000000d6100000, 0x00000000d9e80000, 0x0000000100000000)
  eden space 20992K, 0% used [0x00000000d6100000,0x00000000d6100000,0x00000000d7580000)
  from space 4608K, 95% used [0x00000000d7580000,0x00000000d79cfbc0,0x00000000d7a00000)
  to   space 20992K, 0% used [0x00000000d8a00000,0x00000000d8a00000,0x00000000d9e80000)
 ParOldGen       total 114176K, used 61582K [0x0000000082200000, 0x0000000089180000, 0x00000000d6100000)
  object space 114176K, 53% used [0x0000000082200000,0x0000000085e23aa8,0x0000000089180000)
 Metaspace       used 18139K, capacity 19356K, committed 19456K, reserved 1067008K
  class space    used 2261K, capacity 2502K, committed 2560K, reserved 1048576K
}
Event: 284.378 GC heap before
{Heap before GC invocations=41 (full 5):
 PSYoungGen      total 25600K, used 24547K [0x00000000d6100000, 0x00000000d9e80000, 0x0000000100000000)
  eden space 20992K, 95% used [0x00000000d6100000,0x00000000d74a9310,0x00000000d7580000)
  from space 4608K, 95% used [0x00000000d7580000,0x00000000d79cfbc0,0x00000000d7a00000)
  to   space 20992K, 0% used [0x00000000d8a00000,0x00000000d8a00000,0x00000000d9e80000)
 ParOldGen       total 114176K, used 61582K [0x0000000082200000, 0x0000000089180000, 0x00000000d6100000)
  object space 114176K, 53% used [0x0000000082200000,0x0000000085e23aa8,0x0000000089180000)
 Metaspace       used 18142K, capacity 19356K, committed 19456K, reserved 1067008K
  class space    used 2261K, capacity 2502K, committed 2560K, reserved 1048576K
Event: 284.383 GC heap after
Heap after GC invocations=41 (full 5):
 PSYoungGen      total 38912K, used 18184K [0x00000000d6100000, 0x00000000da480000, 0x0000000100000000)
  eden space 17920K, 0% used [0x00000000d6100000,0x00000000d6100000,0x00000000d7280000)
  from space 20992K, 86% used [0x00000000d8a00000,0x00000000d9bc2140,0x00000000d9e80000)
  to   space 24064K, 0% used [0x00000000d7280000,0x00000000d7280000,0x00000000d8a00000)
 ParOldGen       total 114176K, used 61582K [0x0000000082200000, 0x0000000089180000, 0x00000000d6100000)
  object space 114176K, 53% used [0x0000000082200000,0x0000000085e23aa8,0x0000000089180000)
 Metaspace       used 18142K, capacity 19356K, committed 19456K, reserved 1067008K
  class space    used 2261K, capacity 2502K, committed 2560K, reserved 1048576K
}
Event: 285.115 GC heap before
{Heap before GC invocations=42 (full 5):
 PSYoungGen      total 38912K, used 36104K [0x00000000d6100000, 0x00000000da480000, 0x0000000100000000)
  eden space 17920K, 100% used [0x00000000d6100000,0x00000000d7280000,0x00000000d7280000)
  from space 20992K, 86% used [0x00000000d8a00000,0x00000000d9bc2140,0x00000000d9e80000)
  to   space 24064K, 0% used [0x00000000d7280000,0x00000000d7280000,0x00000000d8a00000)
 ParOldGen       total 114176K, used 61582K [0x0000000082200000, 0x0000000089180000, 0x00000000d6100000)
  object space 114176K, 53% used [0x0000000082200000,0x0000000085e23aa8,0x0000000089180000)
 Metaspace       used 18143K, capacity 19356K, committed 19456K, reserved 1067008K
  class space    used 2261K, capacity 2502K, committed 2560K, reserved 1048576K
Event: 285.120 GC heap after
Heap after GC invocations=42 (full 5):
 PSYoungGen      total 41984K, used 15150K [0x00000000d6100000, 0x00000000da380000, 0x0000000100000000)
  eden space 17920K, 0% used [0x00000000d6100000,0x00000000d6100000,0x00000000d7280000)
  from space 24064K, 62% used [0x00000000d7280000,0x00000000d814b810,0x00000000d8a00000)
  to   space 25088K, 0% used [0x00000000d8b00000,0x00000000d8b00000,0x00000000da380000)
 ParOldGen       total 114176K, used 61582K [0x0000000082200000, 0x0000000089180000, 0x00000000d6100000)
  object space 114176K, 53% used [0x0000000082200000,0x0000000085e23aa8,0x0000000089180000)
 Metaspace       used 18143K, capacity 19356K, committed 19456K, reserved 1067008K
  class space    used 2261K, capacity 2502K, committed 2560K, reserved 1048576K
}
Event: 286.811 GC heap before
{Heap before GC invocations=43 (full 5):
 PSYoungGen      total 41984K, used 33070K [0x00000000d6100000, 0x00000000da380000, 0x0000000100000000)
  eden space 17920K, 100% used [0x00000000d6100000,0x00000000d7280000,0x00000000d7280000)
  from space 24064K, 62% used [0x00000000d7280000,0x00000000d814b810,0x00000000d8a00000)
  to   space 25088K, 0% used [0x00000000d8b00000,0x00000000d8b00000,0x00000000da380000)
 ParOldGen       total 114176K, used 61582K [0x0000000082200000, 0x0000000089180000, 0x00000000d6100000)
  object space 114176K, 53% used [0x0000000082200000,0x0000000085e23aa8,0x0000000089180000)
 Metaspace       used 18158K, capacity 19386K, committed 19456K, reserved 1067008K
  class space    used 2264K, capacity 2507K, committed 2560K, reserved 1048576K
Event: 286.818 GC heap after
Heap after GC invocations=43 (full 5):
 PSYoungGen      total 41984K, used 14999K [0x00000000d6100000, 0x00000000da580000, 0x0000000100000000)
  eden space 16896K, 0% used [0x00000000d6100000,0x00000000d6100000,0x00000000d7180000)
  from space 25088K, 59% used [0x00000000d8b00000,0x00000000d99a5c40,0x00000000da380000)
  to   space 26112K, 0% used [0x00000000d7180000,0x00000000d7180000,0x00000000d8b00000)
 ParOldGen       total 114176K, used 61582K [0x0000000082200000, 0x0000000089180000, 0x00000000d6100000)
  object space 114176K, 53% used [0x0000000082200000,0x0000000085e23aa8,0x0000000089180000)
 Metaspace       used 18158K, capacity 19386K, committed 19456K, reserved 1067008K
  class space    used 2264K, capacity 2507K, committed 2560K, reserved 1048576K
}
Event: 287.800 GC heap before
{Heap before GC invocations=44 (full 5):
 PSYoungGen      total 41984K, used 30674K [0x00000000d6100000, 0x00000000da580000, 0x0000000100000000)
  eden space 16896K, 92% used [0x00000000d6100000,0x00000000d704ec28,0x00000000d7180000)
  from space 25088K, 59% used [0x00000000d8b00000,0x00000000d99a5c40,0x00000000da380000)
  to   space 26112K, 0% used [0x00000000d7180000,0x00000000d7180000,0x00000000d8b00000)
 ParOldGen       total 114176K, used 61582K [0x0000000082200000, 0x0000000089180000, 0x00000000d6100000)
  object space 114176K, 53% used [0x0000000082200000,0x0000000085e23aa8,0x0000000089180000)
 Metaspace       used 18192K, capacity 19410K, committed 19712K, reserved 1067008K
  class space    used 2266K, capacity 2511K, committed 2560K, reserved 1048576K
Event: 287.804 GC heap after
Heap after GC invocations=44 (full 5):
 PSYoungGen      total 43008K, used 23662K [0x00000000d6100000, 0x00000000dab80000, 0x0000000100000000)
  eden space 16896K, 0% used [0x00000000d6100000,0x00000000d6100000,0x00000000d7180000)
  from space 26112K, 90% used [0x00000000d7180000,0x00000000d889ba50,0x00000000d8b00000)
  to   space 29696K, 0% used [0x00000000d8e80000,0x00000000d8e80000,0x00000000dab80000)
 ParOldGen       total 114176K, used 61590K [0x0000000082200000, 0x0000000089180000, 0x00000000d6100000)
  object space 114176K, 53% used [0x0000000082200000,0x0000000085e25aa8,0x0000000089180000)
 Metaspace       used 18192K, capacity 19410K, committed 19712K, reserved 1067008K
  class space    used 2266K, capacity 2511K, committed 2560K, reserved 1048576K
}

