# JRE version: Java(TM) SE Runtime Environment (8.0_201-b09) (build 1.8.0_201-b09)
# Java VM: Java HotSpot(TM) 64-Bit Server VM (25.201-b09 mixed mode windows-amd64 compressed oops)
Heap:
 PSYoungGen      total 37888K, used 26832K [0x00000000d6100000, 0x00000000d8b00000, 0x0000000100000000)
  eden space 32768K, 66% used [0x00000000d6100000,0x00000000d763b070,0x00000000d8100000)
  from space 5120K, 99% used [0x00000000d8600000,0x00000000d8af9300,0x00000000d8b00000)
  to   space 5120K, 0% used [0x00000000d8100000,0x00000000d8100000,0x00000000d8600000)
 ParOldGen       total 86016K, used 24008K [0x0000000082200000, 0x0000000087600000, 0x00000000d6100000)
  object space 86016K, 27% used [0x0000000082200000,0x00000000839720d0,0x0000000087600000)
 Metaspace       used 15953K, capacity 16648K, committed 16768K, reserved 1062912K
  class space    used 2142K, capacity 2336K, committed 2432K, reserved 1048576K
GC Heap History (4 events):
Event: 3.209 GC heap before
{Heap before GC invocations=1 (full 0):
 PSYoungGen      total 37888K, used 32768K [0x00000000d6100000, 0x00000000d8b00000, 0x0000000100000000)
  eden space 32768K, 100% used [0x00000000d6100000,0x00000000d8100000,0x00000000d8100000)
  from space 5120K, 0% used [0x00000000d8600000,0x00000000d8600000,0x00000000d8b00000)
  to   space 5120K, 0% used [0x00000000d8100000,0x00000000d8100000,0x00000000d8600000)
 ParOldGen       total 86016K, used 0K [0x0000000082200000, 0x0000000087600000, 0x00000000d6100000)
  object space 86016K, 0% used [0x0000000082200000,0x0000000082200000,0x0000000087600000)
 Metaspace       used 14205K, capacity 14812K, committed 14976K, reserved 1062912K
  class space    used 1920K, capacity 2101K, committed 2176K, reserved 1048576K
Event: 3.215 GC heap after
Heap after GC invocations=1 (full 0):
 PSYoungGen      total 37888K, used 5111K [0x00000000d6100000, 0x00000000d8b00000, 0x0000000100000000)
  eden space 32768K, 0% used [0x00000000d6100000,0x00000000d6100000,0x00000000d8100000)
  from space 5120K, 99% used [0x00000000d8100000,0x00000000d85fdd90,0x00000000d8600000)
  to   space 5120K, 0% used [0x00000000d8600000,0x00000000d8600000,0x00000000d8b00000)
 ParOldGen       total 86016K, used 2632K [0x0000000082200000, 0x0000000087600000, 0x00000000d6100000)
  object space 86016K, 3% used [0x0000000082200000,0x00000000824923c0,0x0000000087600000)
 Metaspace       used 14205K, capacity 14812K, committed 14976K, reserved 1062912K
  class space    used 1920K, capacity 2101K, committed 2176K, reserved 1048576K
}
Event: 4.895 GC heap before
{Heap before GC invocations=2 (full 0):
 PSYoungGen      total 37888K, used 31109K [0x00000000d6100000, 0x00000000d8b00000, 0x0000000100000000)
  eden space 32768K, 79% used [0x00000000d6100000,0x00000000d7a636f0,0x00000000d8100000)
  from space 5120K, 99% used [0x00000000d8100000,0x00000000d85fdd90,0x00000000d8600000)
  to   space 5120K, 0% used [0x00000000d8600000,0x00000000d8600000,0x00000000d8b00000)
 ParOldGen       total 86016K, used 2632K [0x0000000082200000, 0x0000000087600000, 0x00000000d6100000)
  object space 86016K, 3% used [0x0000000082200000,0x00000000824923c0,0x0000000087600000)
 Metaspace       used 14807K, capacity 15482K, committed 15616K, reserved 1062912K
  class space    used 1965K, capacity 2181K, committed 2304K, reserved 1048576K
Event: 4.906 GC heap after
Heap after GC invocations=2 (full 0):
 PSYoungGen      total 37888K, used 5092K [0x00000000d6100000, 0x00000000d8b00000, 0x0000000100000000)
  eden space 32768K, 0% used [0x00000000d6100000,0x00000000d6100000,0x00000000d8100000)
  from space 5120K, 99% used [0x00000000d8600000,0x00000000d8af9300,0x00000000d8b00000)
  to   space 5120K, 0% used [0x00000000d8100000,0x00000000d8100000,0x00000000d8600000)
 ParOldGen       total 86016K, used 24008K [0x0000000082200000, 0x0000000087600000, 0x00000000d6100000)
  object space 86016K, 27% used [0x0000000082200000,0x00000000839720d0,0x0000000087600000)
 Metaspace       used 14807K, capacity 15482K, committed 15616K, reserved 1062912K
  class space    used 1965K, capacity 2181K, committed 2304K, reserved 1048576K
}

